<?xml version="1.0" encoding="UTF-8"?>
<!-- Generated by org.testng.reporters.JUnitXMLReporter -->
<testsuite hostname="BLRW3004375" ignored="0" name="AppSccript Bag Suite" tests="12" failures="12" timestamp="04 Nov 2017 17:23:27 GMT" time="16.496" errors="0">
  <testcase name="LogintoBag" time="15.774" classname="appscriptBagTest.AddOrRemoveBag_BagLimitValidation">
    <failure type="org.openqa.selenium.WebDriverException" message="unknown error: cannot get automation extension
from unknown error: page could not be found: chrome-extension://aapnijgdinlhnhlmodcfapnahmbfebeb/_generated_background_page.html
  (Session info: chrome=62.0.3202.75)
  (Driver info: chromedriver=2.29.461591 (62ebf098771772160f391d75e589dc567915b233),platform=Windows NT 6.1.7601 SP1 x86_64) (WARNING: The server did not provide any stacktrace information)
Command duration or timeout: 10.08 seconds
Build info: version: &amp;apos;unknown&amp;apos;, revision: &amp;apos;unknown&amp;apos;, time: &amp;apos;unknown&amp;apos;
System info: host: &amp;apos;BLRW3004375&amp;apos;, ip: &amp;apos;10.205.142.204&amp;apos;, os.name: &amp;apos;Windows 7&amp;apos;, os.arch: &amp;apos;amd64&amp;apos;, os.version: &amp;apos;6.1&amp;apos;, java.version: &amp;apos;1.8.0_92&amp;apos;
Driver info: org.openqa.selenium.chrome.ChromeDriver
Capabilities [{applicationCacheEnabled=false, rotatable=false, mobileEmulationEnabled=false, networkConnectionEnabled=false, chrome={chromedriverVersion=2.29.461591 (62ebf098771772160f391d75e589dc567915b233), userDataDir=C:\Users\YNANJA~1\AppData\Local\Temp\scoped_dir8640_29516}, takesHeapSnapshot=true, pageLoadStrategy=normal, databaseEnabled=false, handlesAlerts=true, hasTouchScreen=false, version=62.0.3202.75, platform=XP, browserConnectionEnabled=false, nativeEvents=true, acceptSslCerts=true, locationContextEnabled=true, webStorageEnabled=true, browserName=chrome, takesScreenshot=true, javascriptEnabled=true, cssSelectorsEnabled=true, unexpectedAlertBehaviour=}]
Session ID: 1d160b1e123420ffbb1119ff65d4d87e">
      <![CDATA[org.openqa.selenium.WebDriverException: unknown error: cannot get automation extension
from unknown error: page could not be found: chrome-extension://aapnijgdinlhnhlmodcfapnahmbfebeb/_generated_background_page.html
  (Session info: chrome=62.0.3202.75)
  (Driver info: chromedriver=2.29.461591 (62ebf098771772160f391d75e589dc567915b233),platform=Windows NT 6.1.7601 SP1 x86_64) (WARNING: The server did not provide any stacktrace information)
Command duration or timeout: 10.08 seconds
Build info: version: 'unknown', revision: 'unknown', time: 'unknown'
System info: host: 'BLRW3004375', ip: '10.205.142.204', os.name: 'Windows 7', os.arch: 'amd64', os.version: '6.1', java.version: '1.8.0_92'
Driver info: org.openqa.selenium.chrome.ChromeDriver
Capabilities [{applicationCacheEnabled=false, rotatable=false, mobileEmulationEnabled=false, networkConnectionEnabled=false, chrome={chromedriverVersion=2.29.461591 (62ebf098771772160f391d75e589dc567915b233), userDataDir=C:\Users\YNANJA~1\AppData\Local\Temp\scoped_dir8640_29516}, takesHeapSnapshot=true, pageLoadStrategy=normal, databaseEnabled=false, handlesAlerts=true, hasTouchScreen=false, version=62.0.3202.75, platform=XP, browserConnectionEnabled=false, nativeEvents=true, acceptSslCerts=true, locationContextEnabled=true, webStorageEnabled=true, browserName=chrome, takesScreenshot=true, javascriptEnabled=true, cssSelectorsEnabled=true, unexpectedAlertBehaviour=}]
Session ID: 1d160b1e123420ffbb1119ff65d4d87e
	at org.openqa.selenium.remote.ErrorHandler.createThrowable(ErrorHandler.java:215)
	at org.openqa.selenium.remote.ErrorHandler.throwIfResponseFailed(ErrorHandler.java:167)
	at org.openqa.selenium.remote.RemoteWebDriver.execute(RemoteWebDriver.java:671)
	at org.openqa.selenium.remote.RemoteWebDriver.execute(RemoteWebDriver.java:694)
	at org.openqa.selenium.remote.RemoteWebDriver$RemoteWebDriverOptions$RemoteWindow.maximize(RemoteWebDriver.java:925)
	at com.AppScript.generic.UtilLib.getDriver(UtilLib.java:93)
	at com.AppScript.generic.ApplicationUtility.AppScript_Login(ApplicationUtility.java:72)
	at appscriptBagTest.AddOrRemoveBag_BagLimitValidation.LogintoBag(AddOrRemoveBag_BagLimitValidation.java:51)
... Removed 29 stack frames]]>
    </failure>
  </testcase> <!-- LogintoBag -->
  <testcase name="AddAppsToBag" time="0.059" classname="appscriptBagTest.AddOrRemoveBag_BagLimitValidation">
    <failure type="java.lang.NullPointerException">
      <![CDATA[java.lang.NullPointerException
	at com.relevantcodes.extentreports.ExtentTest.isPathRelative(ExtentTest.java:203)
	at com.relevantcodes.extentreports.ExtentTest.addScreenCapture(ExtentTest.java:89)
	at com.AppScript.generic.ApplicationUtility.AddProductsToBag(ApplicationUtility.java:782)
	at appscriptBagTest.AddOrRemoveBag_BagLimitValidation.AddAppsToBag(AddOrRemoveBag_BagLimitValidation.java:60)
... Removed 25 stack frames]]>
    </failure>
  </testcase> <!-- AddAppsToBag -->
  <testcase name="RemoveAppsfromBag" time="0.113" classname="appscriptBagTest.AddOrRemoveBag_BagLimitValidation">
    <failure type="java.lang.NullPointerException">
      <![CDATA[java.lang.NullPointerException
	at com.relevantcodes.extentreports.ExtentTest.isPathRelative(ExtentTest.java:203)
	at com.relevantcodes.extentreports.ExtentTest.addScreenCapture(ExtentTest.java:89)
	at com.AppScript.generic.ApplicationUtility.RemoveProductsFromBag(ApplicationUtility.java:873)
	at appscriptBagTest.AddOrRemoveBag_BagLimitValidation.RemoveAppsfromBag(AddOrRemoveBag_BagLimitValidation.java:68)
... Removed 25 stack frames]]>
    </failure>
  </testcase> <!-- RemoveAppsfromBag -->
  <testcase name="AddDevicestoBag" time="0.098" classname="appscriptBagTest.AddOrRemoveBag_BagLimitValidation">
    <failure type="java.lang.NullPointerException">
      <![CDATA[java.lang.NullPointerException
	at com.relevantcodes.extentreports.ExtentTest.isPathRelative(ExtentTest.java:203)
	at com.relevantcodes.extentreports.ExtentTest.addScreenCapture(ExtentTest.java:89)
	at com.AppScript.generic.ApplicationUtility.AddProductsToBag(ApplicationUtility.java:782)
	at appscriptBagTest.AddOrRemoveBag_BagLimitValidation.AddDevicestoBag(AddOrRemoveBag_BagLimitValidation.java:76)
... Removed 25 stack frames]]>
    </failure>
  </testcase> <!-- AddDevicestoBag -->
  <testcase name="RemoveDevicesFromBag" time="0.057" classname="appscriptBagTest.AddOrRemoveBag_BagLimitValidation">
    <failure type="java.lang.NullPointerException">
      <![CDATA[java.lang.NullPointerException
	at com.relevantcodes.extentreports.ExtentTest.isPathRelative(ExtentTest.java:203)
	at com.relevantcodes.extentreports.ExtentTest.addScreenCapture(ExtentTest.java:89)
	at com.AppScript.generic.ApplicationUtility.RemoveProductsFromBag(ApplicationUtility.java:873)
	at appscriptBagTest.AddOrRemoveBag_BagLimitValidation.RemoveDevicesFromBag(AddOrRemoveBag_BagLimitValidation.java:85)
... Removed 25 stack frames]]>
    </failure>
  </testcase> <!-- RemoveDevicesFromBag -->
  <testcase name="AddContentstoBag" time="0.05" classname="appscriptBagTest.AddOrRemoveBag_BagLimitValidation">
    <failure type="java.lang.NullPointerException">
      <![CDATA[java.lang.NullPointerException
	at com.relevantcodes.extentreports.ExtentTest.isPathRelative(ExtentTest.java:203)
	at com.relevantcodes.extentreports.ExtentTest.addScreenCapture(ExtentTest.java:89)
	at com.AppScript.generic.ApplicationUtility.AddProductsToBag(ApplicationUtility.java:782)
	at appscriptBagTest.AddOrRemoveBag_BagLimitValidation.AddContentstoBag(AddOrRemoveBag_BagLimitValidation.java:94)
... Removed 25 stack frames]]>
    </failure>
  </testcase> <!-- AddContentstoBag -->
  <testcase name="RemoveContentfromBag" time="0.082" classname="appscriptBagTest.AddOrRemoveBag_BagLimitValidation">
    <failure type="java.lang.NullPointerException">
      <![CDATA[java.lang.NullPointerException
	at com.relevantcodes.extentreports.ExtentTest.isPathRelative(ExtentTest.java:203)
	at com.relevantcodes.extentreports.ExtentTest.addScreenCapture(ExtentTest.java:89)
	at com.AppScript.generic.ApplicationUtility.RemoveProductsFromBag(ApplicationUtility.java:873)
	at appscriptBagTest.AddOrRemoveBag_BagLimitValidation.RemoveContentfromBag(AddOrRemoveBag_BagLimitValidation.java:103)
... Removed 25 stack frames]]>
    </failure>
  </testcase> <!-- RemoveContentfromBag -->
  <testcase name="RemoveButtonBagApps" time="0.059" classname="appscriptBagTest.AddOrRemoveBag_BagLimitValidation">
    <failure type="java.lang.NullPointerException">
      <![CDATA[java.lang.NullPointerException
	at com.relevantcodes.extentreports.ExtentTest.isPathRelative(ExtentTest.java:203)
	at com.relevantcodes.extentreports.ExtentTest.addScreenCapture(ExtentTest.java:89)
	at com.AppScript.generic.ApplicationUtility.RemoveBagResourceButton(ApplicationUtility.java:1548)
	at appscriptBagTest.AddOrRemoveBag_BagLimitValidation.RemoveButtonBagApps(AddOrRemoveBag_BagLimitValidation.java:112)
... Removed 25 stack frames]]>
    </failure>
  </testcase> <!-- RemoveButtonBagApps -->
  <testcase name="RemoveButtonBagDevices" time="0.052" classname="appscriptBagTest.AddOrRemoveBag_BagLimitValidation">
    <failure type="java.lang.NullPointerException">
      <![CDATA[java.lang.NullPointerException
	at com.relevantcodes.extentreports.ExtentTest.isPathRelative(ExtentTest.java:203)
	at com.relevantcodes.extentreports.ExtentTest.addScreenCapture(ExtentTest.java:89)
	at com.AppScript.generic.ApplicationUtility.RemoveBagResourceButton(ApplicationUtility.java:1548)
	at appscriptBagTest.AddOrRemoveBag_BagLimitValidation.RemoveButtonBagDevices(AddOrRemoveBag_BagLimitValidation.java:121)
... Removed 25 stack frames]]>
    </failure>
  </testcase> <!-- RemoveButtonBagDevices -->
  <testcase name="RemoveButtonBagContent" time="0.037" classname="appscriptBagTest.AddOrRemoveBag_BagLimitValidation">
    <failure type="java.lang.NullPointerException">
      <![CDATA[java.lang.NullPointerException
	at com.relevantcodes.extentreports.ExtentTest.isPathRelative(ExtentTest.java:203)
	at com.relevantcodes.extentreports.ExtentTest.addScreenCapture(ExtentTest.java:89)
	at com.AppScript.generic.ApplicationUtility.RemoveBagResourceButton(ApplicationUtility.java:1548)
	at appscriptBagTest.AddOrRemoveBag_BagLimitValidation.RemoveButtonBagContent(AddOrRemoveBag_BagLimitValidation.java:131)
... Removed 25 stack frames]]>
    </failure>
  </testcase> <!-- RemoveButtonBagContent -->
  <testcase name="VerifyBagLimitValidationMessage" time="0.068" classname="appscriptBagTest.AddOrRemoveBag_BagLimitValidation">
    <failure type="java.lang.NullPointerException">
      <![CDATA[java.lang.NullPointerException
	at com.google.common.base.Preconditions.checkNotNull(Preconditions.java:770)
	at org.openqa.selenium.support.ui.FluentWait.<init>(FluentWait.java:96)
	at org.openqa.selenium.support.ui.WebDriverWait.<init>(WebDriverWait.java:71)
	at org.openqa.selenium.support.ui.WebDriverWait.<init>(WebDriverWait.java:45)
	at com.AppScript.generic.ApplicationUtility.BagLimit_ValidationMessage(ApplicationUtility.java:1107)
	at appscriptBagTest.AddOrRemoveBag_BagLimitValidation.VerifyBagLimitValidationMessage(AddOrRemoveBag_BagLimitValidation.java:144)
... Removed 25 stack frames]]>
    </failure>
  </testcase> <!-- VerifyBagLimitValidationMessage -->
  <testcase name="VerifyLogout" time="0.004" classname="appscriptBagTest.AddOrRemoveBag_BagLimitValidation">
    <failure type="java.lang.NullPointerException">
      <![CDATA[java.lang.NullPointerException
	at com.relevantcodes.extentreports.ExtentTest.isPathRelative(ExtentTest.java:203)
	at com.relevantcodes.extentreports.ExtentTest.addScreenCapture(ExtentTest.java:89)
	at com.AppScript.generic.ApplicationUtility.Logout(ApplicationUtility.java:1381)
	at appscriptBagTest.AddOrRemoveBag_BagLimitValidation.VerifyLogout(AddOrRemoveBag_BagLimitValidation.java:153)
... Removed 25 stack frames]]>
    </failure>
  </testcase> <!-- VerifyLogout -->
</testsuite> <!-- AppSccript Bag Suite -->
